Virtuoso Framework License (111) was checked out successfully. Total checkout time was 0.01s.
Loading /escnfs/courses/fa24-cse-30342.01/dropbox/ehamer/VLSI/digital-integrated-circuits/.simrc file.
*INFO* (icLic-302) License Virtuoso_Layout_Suite_GXL ("Layout GXL") was used to run Layout L.

Running simulation in directory: "/escnfs/courses/fa24-cse-30342.01/dropbox/ehamer/VLSI/digital-integrated-circuits/LVS.lab3.part2".



Begin netlist:    Oct 16 19:17:31 2024
	view name list	= ("auLvs" "extracted")
	stop name list	= ("auLvs")
	library name	= "lab3_khup"
	cell name	= "part2_circuit"
	view name	= "extracted"
	globals lib	= "basic"
Running Artist Flat Netlisting ...
*WARNING* Parameter 'lxUseCell' already exists.
End netlist:    Oct 16 19:17:31 2024

Moving original netlist to extNetlist
Removing parasitic components from netlist
	presistors removed:  0
	pcapacitors removed: 0
	pinductors removed:  0
	pdiodes removed:     0
	trans lines removed: 0
	14 nodes merged into 14 nodes


Begin netlist:    Oct 16 19:17:31 2024
	view name list	= ("auLvs" "cmos_sch" "schematic" "symbol")
	stop name list	= ("auLvs")
	library name	= "lab3_khup"
	cell name	= "part2_circuit"
	view name	= "schematic"
	globals lib	= "basic"
Running Artist Flat Netlisting ...
*INFO* (icLic-302) License Virtuoso_Layout_Suite_GXL ("Layout GXL") was used to run Layout L.
End netlist:    Oct 16 19:17:32 2024

Moving original netlist to extNetlist
Removing parasitic components from netlist
	presistors removed:  0
	pcapacitors removed: 0
	pinductors removed:  0
	pdiodes removed:     0
	trans lines removed: 0
	16 nodes merged into 16 nodes

Running netlist comparison program:  LVS
Begin comparison:    Oct 16 19:17:32 2024
@(#)$CDS: LVS version 6.1.7-64b 12/16/2018 07:37 (sjfhw317) $

The net-lists match.

                             layout  schematic
                                instances
        un-matched              0       0      
        rewired                 0       0      
        size errors             0       0      
        pruned                  0       0      
        active                  12      12     
        total                   12      12     

                                  nets
        un-matched              0       0      
        merged                  0       0      
        pruned                  0       0      
        active                  14      14     
        total                   14      14     

                                terminals
        un-matched              0       0      
        matched but
        different type          0       0      
        total                   9       9      
End comparison:      Oct 16 19:17:32 2024
*INFO* (icLic-302) License Virtuoso_Layout_Suite_GXL ("Layout GXL") was used to run Layout L.


Comparison program completed successfully.
