@(#)$CDS: LVS version 6.1.7-64b 12/16/2018 07:37 (sjfhw317) $

Command line: /escnfs/home/csesoft/cadence/installs/IC617/tools.lnx86/dfII/bin/64bit/LVS -dir /escnfs/courses/fa24-cse-30342.01/dropbox/ehamer/VLSI/digital-integrated-circuits/LVS.lab3.part2 -l -s -x/escnfs/courses/fa24-cse-30342.01/dropbox/ehamer/VLSI/digital-integrated-circuits/LVS.lab3.part2/xref.out -f -t /escnfs/courses/fa24-cse-30342.01/dropbox/ehamer/VLSI/digital-integrated-circuits/LVS.lab3.part2/layout /escnfs/courses/fa24-cse-30342.01/dropbox/ehamer/VLSI/digital-integrated-circuits/LVS.lab3.part2/schematic
Like matching is enabled.
Net swapping is enabled.
Creating cross reference file /escnfs/courses/fa24-cse-30342.01/dropbox/ehamer/VLSI/digital-integrated-circuits/LVS.lab3.part2/xref.out.
Fixed device checking is enabled.
Using terminal names as correspondence points.
Compiling Diva LVS rules...

    Net-list summary for /escnfs/courses/fa24-cse-30342.01/dropbox/ehamer/VLSI/digital-integrated-circuits/LVS.lab3.part2/layout/netlist
       count
        14              nets
        9               terminals
        6               pmos
        6               nmos

    Net-list summary for /escnfs/courses/fa24-cse-30342.01/dropbox/ehamer/VLSI/digital-integrated-circuits/LVS.lab3.part2/schematic/netlist
       count
        14              nets
        9               terminals
        6               pmos
        6               nmos


    Terminal correspondence points
    N11       N10       a
    N10       N15       b
    N9        N14       c
    N7        N8        d
    N6        N11       e
    N5        N9        f
    N8        N0        gnd!
    N12       N1        vdd!
    N13       N12       y

Devices in the rules but not in the netlist:
        cap nfet pfet nmos4 pmos4

The net-lists match.

                             layout  schematic
                                instances
        un-matched              0       0      
        rewired                 0       0      
        size errors             0       0      
        pruned                  0       0      
        active                  12      12     
        total                   12      12     

                                  nets
        un-matched              0       0      
        merged                  0       0      
        pruned                  0       0      
        active                  14      14     
        total                   14      14     

                                terminals
        un-matched              0       0      
        matched but
        different type          0       0      
        total                   9       9      


Probe files from /escnfs/courses/fa24-cse-30342.01/dropbox/ehamer/VLSI/digital-integrated-circuits/LVS.lab3.part2/schematic

devbad.out:

netbad.out:

mergenet.out:

termbad.out:

prunenet.out:

prunedev.out:

audit.out:


Probe files from /escnfs/courses/fa24-cse-30342.01/dropbox/ehamer/VLSI/digital-integrated-circuits/LVS.lab3.part2/layout

devbad.out:

netbad.out:

mergenet.out:

termbad.out:

prunenet.out:

prunedev.out:

audit.out:
